{
  "0 debug pnpm:scope": {
    "selected": 1
  },
  "1 debug pnpm:package-manifest": {
    "initial": {
      "name": "vite-ssr-vue",
      "private": true,
      "version": "0.0.0",
      "type": "module",
      "scripts": {
        "dev": "node server",
        "build": "npm run build:client && npm run build:server",
        "build:noExternal": "npm run build:client && npm run build:server:noExternal",
        "build:client": "vite build --ssrManifest --outDir dist/client",
        "build:server": "vite build --ssr src/entry-server.js --outDir dist/server",
        "build:server:noExternal": "vite build --config vite.config.noexternal.js --ssr src/entry-server.js --outDir dist/server",
        "generate": "vite build --ssrManifest --outDir dist/static && npm run build:server && node prerender",
        "serve": "cross-env NODE_ENV=production node server",
        "debug": "node --inspect-brk server"
      },
      "dependencies": {
        "example-external-component": "file:example-external-component",
        "vue": "^3.2.37",
        "vue-router": "^4.0.15",
        "vuex": "^4.0.2"
      },
      "devDependencies": {
        "@vitejs/plugin-vue": "workspace:*",
        "@vitejs/plugin-vue-jsx": "workspace:*",
        "compression": "^1.7.4",
        "cross-env": "^7.0.3",
        "dep-import-type": "link:./dep-import-type",
        "express": "^4.18.1",
        "serve-static": "^1.15.0"
      }
    },
    "prefix": "/Users/zhanghuabin/Project/learning/frontend/framework/dom/vue/examples/vite-ssr-vue"
  },
  "2 debug pnpm:context": {
    "currentLockfileExists": false,
    "storeDir": "/Users/zhanghuabin/Library/pnpm/store/v3",
    "virtualStoreDir": "/Users/zhanghuabin/Project/learning/frontend/framework/dom/vue/examples/vite-ssr-vue/node_modules/.pnpm"
  },
  "3 debug pnpm:stage": {
    "prefix": "/Users/zhanghuabin/Project/learning/frontend/framework/dom/vue/examples/vite-ssr-vue",
    "stage": "resolution_started"
  },
  "4 error pnpm": {
    "code": "ERR_PNPM_NO_MATCHING_VERSION_INSIDE_WORKSPACE",
    "pkgsStack": [],
    "err": {
      "name": "pnpm",
      "message": "In : No matching version found for @vitejs/plugin-vue@* inside the workspace",
      "code": "ERR_PNPM_NO_MATCHING_VERSION_INSIDE_WORKSPACE",
      "stack": "pnpm: In : No matching version found for @vitejs/plugin-vue@* inside the workspace\n    at tryResolveFromWorkspace (/Users/zhanghuabin/.nvm/versions/node/v16.15.0/lib/node_modules/pnpm/dist/pnpm.cjs:84757:15)\n    at resolveNpm (/Users/zhanghuabin/.nvm/versions/node/v16.15.0/lib/node_modules/pnpm/dist/pnpm.cjs:84649:39)\n    at Object.resolve (/Users/zhanghuabin/.nvm/versions/node/v16.15.0/lib/node_modules/pnpm/dist/pnpm.cjs:84879:34)\n    at ctx.requestsQueue.add.priority (/Users/zhanghuabin/.nvm/versions/node/v16.15.0/lib/node_modules/pnpm/dist/pnpm.cjs:91576:75)\n    at run (/Users/zhanghuabin/.nvm/versions/node/v16.15.0/lib/node_modules/pnpm/dist/pnpm.cjs:91337:90)\n    at PQueue._tryToStartAnother (/Users/zhanghuabin/.nvm/versions/node/v16.15.0/lib/node_modules/pnpm/dist/pnpm.cjs:91291:13)\n    at /Users/zhanghuabin/.nvm/versions/node/v16.15.0/lib/node_modules/pnpm/dist/pnpm.cjs:91350:16\n    at new Promise (<anonymous>)\n    at PQueue.add (/Users/zhanghuabin/.nvm/versions/node/v16.15.0/lib/node_modules/pnpm/dist/pnpm.cjs:91332:16)\n    at resolveAndFetch (/Users/zhanghuabin/.nvm/versions/node/v16.15.0/lib/node_modules/pnpm/dist/pnpm.cjs:91576:55)"
    }
  }
}